   1               		.file	"Display.c"
   2               	__SREG__ = 0x3f
   3               	__SP_H__ = 0x3e
   4               	__SP_L__ = 0x3d
   5               	__CCP__  = 0x34
   6               	__tmp_reg__ = 0
   7               	__zero_reg__ = 1
  15               	.Ltext0:
  16               	.global	main
  18               	main:
  19               	.LFB7:
  20               	.LM1:
  21               	/* prologue: function */
  22               	/* frame size = 0 */
  23               	.LM2:
  24 0000 14B8      		out 36-32,__zero_reg__
  25               	.LM3:
  26 0002 81E0      		ldi r24,lo8(1)
  27 0004 87B9      		out 39-32,r24
  28               	.L2:
  29 0006 00C0      		rjmp .L2
  30               	.LFE7:
  32               	.global	USART_Receive
  34               	USART_Receive:
  35               	.LFB8:
  36               	.LM4:
  37               	/* prologue: function */
  38               	/* frame size = 0 */
  39               	.L5:
  40               	.LM5:
  41 0008 8091 C100 		lds r24,193
  42 000c 87FF      		sbrs r24,7
  43 000e 00C0      		rjmp .L5
  44               	.LM6:
  45 0010 8091 C600 		lds r24,198
  46               	/* epilogue start */
  47               	.LM7:
  48 0014 0895      		ret
  49               	.LFE8:
  83               	.Letext0:
DEFINED SYMBOLS
                            *ABS*:00000000 Display.c
/var/folders/tl/tlvNHMt8F7mfiriCgbwpC++++TI/-Tmp-//ccjRuN9w.s:2      *ABS*:0000003f __SREG__
/var/folders/tl/tlvNHMt8F7mfiriCgbwpC++++TI/-Tmp-//ccjRuN9w.s:3      *ABS*:0000003e __SP_H__
/var/folders/tl/tlvNHMt8F7mfiriCgbwpC++++TI/-Tmp-//ccjRuN9w.s:4      *ABS*:0000003d __SP_L__
/var/folders/tl/tlvNHMt8F7mfiriCgbwpC++++TI/-Tmp-//ccjRuN9w.s:5      *ABS*:00000034 __CCP__
/var/folders/tl/tlvNHMt8F7mfiriCgbwpC++++TI/-Tmp-//ccjRuN9w.s:6      *ABS*:00000000 __tmp_reg__
/var/folders/tl/tlvNHMt8F7mfiriCgbwpC++++TI/-Tmp-//ccjRuN9w.s:7      *ABS*:00000001 __zero_reg__
/var/folders/tl/tlvNHMt8F7mfiriCgbwpC++++TI/-Tmp-//ccjRuN9w.s:18     .text:00000000 main
/var/folders/tl/tlvNHMt8F7mfiriCgbwpC++++TI/-Tmp-//ccjRuN9w.s:34     .text:00000008 USART_Receive

NO UNDEFINED SYMBOLS
